<?xml version="1.0" encoding="UTF-8"?>
<!-- Generated by org.testng.reporters.JUnitReportReporter -->
<testsuite hostname="LAPTOP-68011QVL" failures="0" tests="1" name="com.wordpress.TestCases.VerifyValidLogin" time="4.552" errors="0" timestamp="2021-02-25T18:24:22 IST" skipped="0">
  <testcase classname="com.wordpress.TestCases.VerifyValidLogin" name="checkValidUser" time="4.552"/>
  <system-out/>
</testsuite> <!-- com.wordpress.TestCases.VerifyValidLogin -->
