<?xml version="1.0" encoding="UTF-8"?>
<!-- Generated by org.testng.reporters.JUnitReportReporter -->
<testsuite hostname="LAPTOP-68011QVL" failures="0" tests="1" name="com.wordpress.TestCases.VerifyValidLogin" time="8.133" errors="0" timestamp="2021-02-25T19:08:11 IST" skipped="0">
  <testcase classname="com.wordpress.TestCases.VerifyValidLogin" name="checkValidUser" time="8.133"/>
  <system-out/>
</testsuite> <!-- com.wordpress.TestCases.VerifyValidLogin -->
